C:\Program Files (x86)\MSBuild\Microsoft.Cpp\v4.0\V140\Microsoft.CppBuild.targets(392,5): warning MSB8028: The intermediate directory (Debug\) contains files shared from another project (Win32SimpleSample.vcxproj).  This can lead to incorrect clean and rebuild behavior.
  Game.cpp
m:\matt's stuff\retry\woffcedit\game.cpp(28): warning C4305: '=': truncation from 'double' to 'float'
m:\matt's stuff\retry\woffcedit\game.cpp(161): warning C4244: 'initializing': conversion from 'double' to 'float', possible loss of data
m:\matt's stuff\retry\woffcedit\game.cpp(172): warning C4244: '=': conversion from 'double' to 'float', possible loss of data
m:\matt's stuff\retry\woffcedit\game.cpp(173): warning C4244: '=': conversion from 'double' to 'float', possible loss of data
m:\matt's stuff\retry\woffcedit\game.cpp(174): warning C4244: '=': conversion from 'double' to 'float', possible loss of data
m:\matt's stuff\retry\woffcedit\game.cpp(326): warning C4244: 'initializing': conversion from 'int' to 'float', possible loss of data
m:\matt's stuff\retry\woffcedit\game.cpp(327): warning C4244: 'initializing': conversion from 'int' to 'float', possible loss of data
m:\matt's stuff\retry\woffcedit\game.cpp(335): warning C4018: '<': signed/unsigned mismatch
m:\matt's stuff\retry\woffcedit\game.cpp(343): warning C4244: 'argument': conversion from 'double' to 'float', possible loss of data
m:\matt's stuff\retry\woffcedit\game.cpp(347): warning C4244: 'argument': conversion from 'LONG' to 'float', possible loss of data
m:\matt's stuff\retry\woffcedit\game.cpp(348): warning C4244: 'argument': conversion from 'LONG' to 'float', possible loss of data
m:\matt's stuff\retry\woffcedit\game.cpp(353): warning C4018: '<': signed/unsigned mismatch
m:\matt's stuff\retry\woffcedit\game.cpp(379): warning C4244: 'initializing': conversion from 'int' to 'float', possible loss of data
m:\matt's stuff\retry\woffcedit\game.cpp(380): warning C4244: 'initializing': conversion from 'int' to 'float', possible loss of data
m:\matt's stuff\retry\woffcedit\game.cpp(400): warning C4244: 'argument': conversion from 'LONG' to 'float', possible loss of data
m:\matt's stuff\retry\woffcedit\game.cpp(401): warning C4244: 'argument': conversion from 'LONG' to 'float', possible loss of data
m:\matt's stuff\retry\woffcedit\game.cpp(476): warning C4244: 'argument': conversion from 'double' to 'float', possible loss of data
m:\matt's stuff\retry\woffcedit\game.cpp(458): warning C4101: 'Buffer': unreferenced local variable
  Win32SimpleSample.vcxproj -> M:\Matt's Stuff\Retry\WOFFCEdit\Debug\WoFEdit.exe
  Win32SimpleSample.vcxproj -> M:\Matt's Stuff\Retry\WOFFCEdit\Debug\WoFEdit.pdb (Full PDB)
